[17:04:45] [ServerMain/INFO]: Environment: Environment[sessionHost=https://sessionserver.mojang.com, servicesHost=https://api.minecraftservices.com, name=PROD]
[17:04:46] [ServerMain/INFO]: Loaded 7 recipes
[17:04:47] [Server thread/INFO]: Starting minecraft server version 1.20.4
[17:04:47] [Server thread/INFO]: Loading properties
[17:04:47] [Server thread/INFO]: This server is running CraftBukkit version 4055-Spigot-e9ec548-ee685bd (MC: 1.20.4) (Implementing API version 1.20.4-R0.1-SNAPSHOT)
[17:04:47] [Server thread/INFO]: Server Ping Player Sample Count: 12
[17:04:47] [Server thread/INFO]: Using 4 threads for Netty based IO
[17:04:47] [Server thread/INFO]: Debug logging is disabled
[17:04:47] [Server thread/INFO]: Default game type: SURVIVAL
[17:04:47] [Server thread/INFO]: Generating keypair
[17:04:47] [Server thread/INFO]: Starting Minecraft server on *:25565
[17:04:48] [Server thread/INFO]: Using epoll channel type
[17:04:48] [Server thread/INFO]: Preparing level "world"
[17:04:48] [Server thread/INFO]: -------- World Settings For [world] --------
[17:04:48] [Server thread/INFO]: Experience Merge Radius: 3.0
[17:04:48] [Server thread/INFO]: Mob Spawn Range: 6
[17:04:48] [Server thread/INFO]: Custom Map Seeds:  Village: 10387312 Desert: 14357617 Igloo: 14357618 Jungle: 14357619 Swamp: 14357620 Monument: 10387313 Ocean: 14357621 Shipwreck: 165745295 End City: 10387313 Slime: 987234911 Nether: 30084232 Mansion: 10387319 Fossil: 14357921 Portal: 34222645
[17:04:48] [Server thread/INFO]: Max TNT Explosions: 100
[17:04:48] [Server thread/INFO]: Tile Max Tick Time: 50ms Entity max Tick Time: 50ms
[17:04:48] [Server thread/INFO]: Cactus Growth Modifier: 100%
[17:04:48] [Server thread/INFO]: Cane Growth Modifier: 100%
[17:04:48] [Server thread/INFO]: Melon Growth Modifier: 100%
[17:04:48] [Server thread/INFO]: Mushroom Growth Modifier: 100%
[17:04:48] [Server thread/INFO]: Pumpkin Growth Modifier: 100%
[17:04:48] [Server thread/INFO]: Sapling Growth Modifier: 100%
[17:04:48] [Server thread/INFO]: Beetroot Growth Modifier: 100%
[17:04:48] [Server thread/INFO]: Carrot Growth Modifier: 100%
[17:04:48] [Server thread/INFO]: Potato Growth Modifier: 100%
[17:04:48] [Server thread/INFO]: Wheat Growth Modifier: 100%
[17:04:48] [Server thread/INFO]: NetherWart Growth Modifier: 100%
[17:04:48] [Server thread/INFO]: Vine Growth Modifier: 100%
[17:04:48] [Server thread/INFO]: Cocoa Growth Modifier: 100%
[17:04:48] [Server thread/INFO]: Bamboo Growth Modifier: 100%
[17:04:48] [Server thread/INFO]: SweetBerry Growth Modifier: 100%
[17:04:48] [Server thread/INFO]: Kelp Growth Modifier: 100%
[17:04:48] [Server thread/INFO]: TwistingVines Growth Modifier: 100%
[17:04:48] [Server thread/INFO]: WeepingVines Growth Modifier: 100%
[17:04:48] [Server thread/INFO]: CaveVines Growth Modifier: 100%
[17:04:48] [Server thread/INFO]: Entity Activation Range: An 32 / Mo 32 / Ra 48 / Mi 16 / Tiv true / Isa false
[17:04:48] [Server thread/INFO]: Entity Tracking Range: Pl 48 / An 48 / Mo 48 / Mi 32 / Di 128 / Other 64
[17:04:48] [Server thread/INFO]: Hopper Transfer: 8 Hopper Check: 1 Hopper Amount: 1 Hopper Can Load Chunks: false
[17:04:48] [Server thread/INFO]: View Distance: 10
[17:04:48] [Server thread/INFO]: Simulation Distance: 10
[17:04:48] [Server thread/INFO]: Item Despawn Rate: 6000
[17:04:48] [Server thread/INFO]: Item Merge Radius: 2.5
[17:04:48] [Server thread/INFO]: Allow Zombie Pigmen to spawn from portal blocks: true
[17:04:48] [Server thread/INFO]: Arrow Despawn Rate: 1200 Trident Respawn Rate:1200
[17:04:48] [Server thread/INFO]: Zombie Aggressive Towards Villager: true
[17:04:48] [Server thread/INFO]: Nerfing mobs spawned from spawners: false
[17:04:48] [Server thread/INFO]: -------- World Settings For [world_nether] --------
[17:04:48] [Server thread/INFO]: Experience Merge Radius: 3.0
[17:04:48] [Server thread/INFO]: Mob Spawn Range: 6
[17:04:48] [Server thread/INFO]: Custom Map Seeds:  Village: 10387312 Desert: 14357617 Igloo: 14357618 Jungle: 14357619 Swamp: 14357620 Monument: 10387313 Ocean: 14357621 Shipwreck: 165745295 End City: 10387313 Slime: 987234911 Nether: 30084232 Mansion: 10387319 Fossil: 14357921 Portal: 34222645
[17:04:48] [Server thread/INFO]: Max TNT Explosions: 100
[17:04:48] [Server thread/INFO]: Tile Max Tick Time: 50ms Entity max Tick Time: 50ms
[17:04:48] [Server thread/INFO]: Cactus Growth Modifier: 100%
[17:04:48] [Server thread/INFO]: Cane Growth Modifier: 100%
[17:04:48] [Server thread/INFO]: Melon Growth Modifier: 100%
[17:04:48] [Server thread/INFO]: Mushroom Growth Modifier: 100%
[17:04:48] [Server thread/INFO]: Pumpkin Growth Modifier: 100%
[17:04:48] [Server thread/INFO]: Sapling Growth Modifier: 100%
[17:04:48] [Server thread/INFO]: Beetroot Growth Modifier: 100%
[17:04:48] [Server thread/INFO]: Carrot Growth Modifier: 100%
[17:04:48] [Server thread/INFO]: Potato Growth Modifier: 100%
[17:04:48] [Server thread/INFO]: Wheat Growth Modifier: 100%
[17:04:48] [Server thread/INFO]: NetherWart Growth Modifier: 100%
[17:04:48] [Server thread/INFO]: Vine Growth Modifier: 100%
[17:04:48] [Server thread/INFO]: Cocoa Growth Modifier: 100%
[17:04:48] [Server thread/INFO]: Bamboo Growth Modifier: 100%
[17:04:48] [Server thread/INFO]: SweetBerry Growth Modifier: 100%
[17:04:48] [Server thread/INFO]: Kelp Growth Modifier: 100%
[17:04:48] [Server thread/INFO]: TwistingVines Growth Modifier: 100%
[17:04:48] [Server thread/INFO]: WeepingVines Growth Modifier: 100%
[17:04:48] [Server thread/INFO]: CaveVines Growth Modifier: 100%
[17:04:48] [Server thread/INFO]: Entity Activation Range: An 32 / Mo 32 / Ra 48 / Mi 16 / Tiv true / Isa false
[17:04:48] [Server thread/INFO]: Entity Tracking Range: Pl 48 / An 48 / Mo 48 / Mi 32 / Di 128 / Other 64
[17:04:48] [Server thread/INFO]: Hopper Transfer: 8 Hopper Check: 1 Hopper Amount: 1 Hopper Can Load Chunks: false
[17:04:48] [Server thread/INFO]: View Distance: 10
[17:04:48] [Server thread/INFO]: Simulation Distance: 10
[17:04:48] [Server thread/INFO]: Item Despawn Rate: 6000
[17:04:48] [Server thread/INFO]: Item Merge Radius: 2.5
[17:04:48] [Server thread/INFO]: Allow Zombie Pigmen to spawn from portal blocks: true
[17:04:48] [Server thread/INFO]: Arrow Despawn Rate: 1200 Trident Respawn Rate:1200
[17:04:48] [Server thread/INFO]: Zombie Aggressive Towards Villager: true
[17:04:48] [Server thread/INFO]: Nerfing mobs spawned from spawners: false
[17:04:48] [Server thread/INFO]: -------- World Settings For [world_the_end] --------
[17:04:48] [Server thread/INFO]: Experience Merge Radius: 3.0
[17:04:48] [Server thread/INFO]: Mob Spawn Range: 6
[17:04:48] [Server thread/INFO]: Custom Map Seeds:  Village: 10387312 Desert: 14357617 Igloo: 14357618 Jungle: 14357619 Swamp: 14357620 Monument: 10387313 Ocean: 14357621 Shipwreck: 165745295 End City: 10387313 Slime: 987234911 Nether: 30084232 Mansion: 10387319 Fossil: 14357921 Portal: 34222645
[17:04:48] [Server thread/INFO]: Max TNT Explosions: 100
[17:04:48] [Server thread/INFO]: Tile Max Tick Time: 50ms Entity max Tick Time: 50ms
[17:04:48] [Server thread/INFO]: Cactus Growth Modifier: 100%
[17:04:48] [Server thread/INFO]: Cane Growth Modifier: 100%
[17:04:48] [Server thread/INFO]: Melon Growth Modifier: 100%
[17:04:48] [Server thread/INFO]: Mushroom Growth Modifier: 100%
[17:04:48] [Server thread/INFO]: Pumpkin Growth Modifier: 100%
[17:04:48] [Server thread/INFO]: Sapling Growth Modifier: 100%
[17:04:48] [Server thread/INFO]: Beetroot Growth Modifier: 100%
[17:04:48] [Server thread/INFO]: Carrot Growth Modifier: 100%
[17:04:48] [Server thread/INFO]: Potato Growth Modifier: 100%
[17:04:48] [Server thread/INFO]: Wheat Growth Modifier: 100%
[17:04:48] [Server thread/INFO]: NetherWart Growth Modifier: 100%
[17:04:48] [Server thread/INFO]: Vine Growth Modifier: 100%
[17:04:48] [Server thread/INFO]: Cocoa Growth Modifier: 100%
[17:04:48] [Server thread/INFO]: Bamboo Growth Modifier: 100%
[17:04:48] [Server thread/INFO]: SweetBerry Growth Modifier: 100%
[17:04:48] [Server thread/INFO]: Kelp Growth Modifier: 100%
[17:04:48] [Server thread/INFO]: TwistingVines Growth Modifier: 100%
[17:04:48] [Server thread/INFO]: WeepingVines Growth Modifier: 100%
[17:04:48] [Server thread/INFO]: CaveVines Growth Modifier: 100%
[17:04:48] [Server thread/INFO]: Entity Activation Range: An 32 / Mo 32 / Ra 48 / Mi 16 / Tiv true / Isa false
[17:04:48] [Server thread/INFO]: Entity Tracking Range: Pl 48 / An 48 / Mo 48 / Mi 32 / Di 128 / Other 64
[17:04:48] [Server thread/INFO]: Hopper Transfer: 8 Hopper Check: 1 Hopper Amount: 1 Hopper Can Load Chunks: false
[17:04:48] [Server thread/INFO]: View Distance: 10
[17:04:48] [Server thread/INFO]: Simulation Distance: 10
[17:04:48] [Server thread/INFO]: Item Despawn Rate: 6000
[17:04:48] [Server thread/INFO]: Item Merge Radius: 2.5
[17:04:48] [Server thread/INFO]: Allow Zombie Pigmen to spawn from portal blocks: true
[17:04:48] [Server thread/INFO]: Arrow Despawn Rate: 1200 Trident Respawn Rate:1200
[17:04:48] [Server thread/INFO]: Zombie Aggressive Towards Villager: true
[17:04:48] [Server thread/INFO]: Nerfing mobs spawned from spawners: false
[17:04:48] [Server thread/INFO]: Preparing start region for dimension minecraft:overworld
[17:04:50] [Worker-Main-11/INFO]: Preparing spawn area: 0%
[17:04:50] [Worker-Main-2/INFO]: Preparing spawn area: 0%
[17:04:50] [Worker-Main-17/INFO]: Preparing spawn area: 0%
[17:04:50] [Worker-Main-24/INFO]: Preparing spawn area: 0%
[17:04:50] [Worker-Main-22/INFO]: Preparing spawn area: 0%
[17:04:51] [Worker-Main-21/INFO]: Preparing spawn area: 27%
[17:04:51] [Server thread/INFO]: Time elapsed: 2845 ms
[17:04:51] [Server thread/INFO]: Preparing start region for dimension minecraft:the_nether
[17:04:52] [Worker-Main-3/INFO]: Preparing spawn area: 0%
[17:04:52] [Worker-Main-35/INFO]: Preparing spawn area: 0%
[17:04:52] [Worker-Main-25/INFO]: Preparing spawn area: 5%
[17:04:53] [Server thread/INFO]: Time elapsed: 1348 ms
[17:04:53] [Server thread/INFO]: Preparing start region for dimension minecraft:the_end
[17:04:53] [Worker-Main-33/INFO]: Preparing spawn area: 0%
[17:04:53] [Worker-Main-35/INFO]: Preparing spawn area: 0%
[17:04:54] [Worker-Main-35/INFO]: Preparing spawn area: 52%
[17:04:54] [Server thread/INFO]: Time elapsed: 1194 ms
[17:04:54] [Server thread/INFO]: Server permissions file permissions.yml is empty, ignoring it
[17:04:54] [Server thread/INFO]: Done (6.287s)! For help, type "help"
[17:04:56] [User Authenticator #1/INFO]: UUID of player eric2969 is 74cc98d7-cce5-4e1c-b587-780cae7961ab
[17:04:56] [Server thread/INFO]: eric2969 joined the game
[17:04:56] [Server thread/INFO]: eric2969[/192.168.0.1:51570] logged in with entity id 323 at ([world]-3.699838646740468, 63.0, -24.69999998807907)
[17:05:03] [User Authenticator #2/INFO]: UUID of player XDturtleXD is e83fa450-674c-4745-af54-a4a603a84298
[17:05:03] [Server thread/INFO]: XDturtleXD joined the game
[17:05:03] [Server thread/INFO]: XDturtleXD[/123.194.170.41:25009] logged in with entity id 369 at ([world]-19.340938911552463, 64.0, -37.07081328830915)
[17:05:32] [Async Chat Thread - #0/INFO]: <eric2969> 你沒聲音
[17:11:27] [Server thread/INFO]: XDturtleXD has made the advancement [Voluntary Exile]
[17:11:27] [Server thread/INFO]: XDturtleXD has made the advancement [Take Aim]
[17:38:35] [Server thread/INFO]: eric2969 has made the advancement [Acquire Hardware]
[17:48:28] [Server thread/INFO]: XDturtleXD has made the advancement [Suit Up]
[17:54:29] [Server thread/INFO]: eric2969 issued server command: /gamemode creative
[17:54:29] [Server thread/INFO]: [eric2969: Set own game mode to Creative Mode]
[17:59:05] [Server thread/INFO]: XDturtleXD has made the advancement [Diamonds!]
[18:16:02] [Server thread/INFO]: XDturtleXD was slain by Zombie
[18:20:35] [Server thread/INFO]: XDturtleXD tried to swim in lava
[18:24:15] [Server thread/INFO]: XDturtleXD fell from a high place
[18:29:16] [Server thread/INFO]: XDturtleXD was blown up by Creeper
[18:31:37] [Server thread/INFO]: XDturtleXD was blown up by Creeper
[18:38:06] [Server thread/INFO]: XDturtleXD was slain by Phantom
[18:41:24] [Server thread/INFO]: XDturtleXD was shot by Skeleton
[18:47:08] [Server thread/INFO]: XDturtleXD fell from a high place
[18:53:38] [Server thread/INFO]: XDturtleXD was shot by Skeleton
[18:54:37] [Server thread/INFO]: eric2969 issued server command: /bukkit:about
[18:54:42] [Server thread/INFO]: XDturtleXD was shot by Skeleton
[19:02:22] [Server thread/INFO]: eric2969 issued server command: /gamemode survival
[19:02:22] [Server thread/INFO]: [eric2969: Set own game mode to Survival Mode]
[19:03:42] [Server thread/INFO]: eric2969 has made the advancement [Suit Up]
[19:07:47] [Server thread/INFO]: eric2969 issued server command: /tp eric2969 XDturtleXD
[19:07:47] [Server thread/INFO]: [eric2969: Teleported eric2969 to XDturtleXD]
[19:07:47] [Server thread/WARN]: eric2969 moved too quickly! -118.74356214833168,13.0,274.78481737980053
[19:07:47] [Server thread/WARN]: eric2969 moved too quickly! -118.74356214833168,13.0,274.78481737980053
[19:07:47] [Server thread/WARN]: eric2969 moved too quickly! -118.74356214833168,13.0,274.78481737980053
[19:07:47] [Server thread/WARN]: eric2969 moved too quickly! -118.74356214833168,13.0,274.78481737980053
[19:07:52] [Server thread/INFO]: eric2969 issued server command: /tp eric2969 XDturtleXD
[19:07:52] [Server thread/INFO]: [eric2969: Teleported eric2969 to XDturtleXD]
[19:08:08] [Server thread/INFO]: eric2969 issued server command: /tp eric2969 world
[19:08:14] [Server thread/INFO]: eric2969 issued server command: /tp eric2969 0 0 0
[19:08:14] [Server thread/INFO]: [eric2969: Teleported eric2969 to 0.500000, 0.000000, 0.500000]
[19:08:18] [Server thread/INFO]: eric2969 issued server command: /tp eric2969 0 60 0
[19:08:18] [Server thread/INFO]: [eric2969: Teleported eric2969 to 0.500000, 60.000000, 0.500000]
[19:08:22] [Server thread/INFO]: eric2969 issued server command: /tp eric2969 0 80 0
[19:08:22] [Server thread/INFO]: [eric2969: Teleported eric2969 to 0.500000, 80.000000, 0.500000]
[19:08:22] [Server thread/WARN]: eric2969 moved too quickly! 0.0,20.0,0.0
[19:08:23] [Server thread/INFO]: eric2969 was doomed to fall
[19:08:27] [Server thread/INFO]: eric2969 issued server command: /tp eric2969 0 80 0
[19:08:27] [Server thread/INFO]: [eric2969: Teleported eric2969 to 0.500000, 80.000000, 0.500000]
[19:08:27] [Server thread/WARN]: eric2969 moved too quickly! 17.0,11.4375,28.0
[19:08:27] [Server thread/WARN]: eric2969 moved too quickly! 17.0,11.4375,28.0
[19:08:27] [Server thread/WARN]: eric2969 moved too quickly! 17.0,11.4375,28.0
[19:12:48] [Server thread/INFO]: XDturtleXD was shot by Skeleton
[19:15:32] [Server thread/INFO]: XDturtleXD issued server command: /tp -130 ~ 215
[19:15:32] [Server thread/INFO]: [XDturtleXD: Teleported XDturtleXD to -129.500000, 68.000000, 215.500000]
[19:17:02] [Server thread/INFO]: eric2969 issued server command: /help
[19:17:19] [Server thread/INFO]: eric2969 issued server command: /bukkit:help
[19:18:16] [Server thread/INFO]: eric2969 issued server command: /minecraft:damage XDturtleXD 7
[19:18:16] [Server thread/INFO]: [eric2969: Applied 7.0 damage to XDturtleXD]
[19:18:48] [Server thread/INFO]: eric2969 issued server command: /scoreboard objectives setdisplay list Health
[19:18:48] [Server thread/INFO]: [eric2969: Set display slot list to show objective Health]
[19:19:00] [Server thread/INFO]: eric2969 issued server command: /scoreboard objectives setdisplay below_name Death
[19:19:00] [Server thread/INFO]: [eric2969: Set display slot below_name to show objective Death]
[19:22:21] [Server thread/INFO]: eric2969 issued server command: /give eric2969 rail 1
[19:22:21] [Server thread/INFO]: [eric2969: Gave 1 [Rail] to eric2969]
[19:22:26] [Server thread/INFO]: XDturtleXD has made the advancement [Best Friends Forever]
[19:23:54] [Server thread/INFO]: XDturtleXD issued server command: /tp 0 ~ 0
[19:23:54] [Server thread/INFO]: [XDturtleXD: Teleported XDturtleXD to 0.500000, 82.000000, 0.500000]
[19:23:55] [Server thread/INFO]: XDturtleXD fell from a high place
[19:25:34] [Server thread/INFO]: XDturtleXD lost connection: Disconnected
[19:25:34] [Server thread/INFO]: XDturtleXD left the game
[19:25:55] [Server thread/INFO]: eric2969 issued server command: /save-all
[19:25:55] [Server thread/INFO]: [eric2969: Saved the game]
[19:25:56] [Server thread/INFO]: eric2969 lost connection: Disconnected
[19:25:56] [Server thread/INFO]: eric2969 left the game
